{
  "RSpec": {
    "coverage": {
      "/Users/ericdowty/Rails/module-3/turing-toilets/turing-bathrooms/spec/controllers/bathrooms_controller_spec.rb": [
        1,
        null,
        1,
        null,
        4,
        4,
        4,
        null,
        1,
        1,
        1,
        1,
        1,
        1,
        1,
        1,
        null,
        null,
        null,
        1,
        1,
        1,
        1,
        null,
        null,
        null,
        1,
        1,
        1,
        1,
        null,
        null,
        null,
        null,
        null
      ],
      "/Users/ericdowty/Rails/module-3/turing-toilets/turing-bathrooms/spec/rails_helper.rb": [
        1,
        1,
        1,
        1,
        1,
        null,
        2,
        null,
        1,
        null,
        1,
        1,
        1,
        1,
        null
      ],
      "/Users/ericdowty/Rails/module-3/turing-toilets/turing-bathrooms/config/environment.rb": [
        null,
        1,
        null,
        null,
        1
      ],
      "/Users/ericdowty/Rails/module-3/turing-toilets/turing-bathrooms/config/application.rb": [
        1,
        null,
        1,
        null,
        1,
        1,
        1,
        1,
        1,
        1,
        1,
        null,
        null,
        null,
        null,
        1,
        null,
        1,
        1,
        null,
        null,
        null,
        null,
        null,
        null,
        null,
        null,
        null,
        null,
        null,
        1,
        null,
        1,
        null,
        null
      ],
      "/Users/ericdowty/Rails/module-3/turing-toilets/turing-bathrooms/config/boot.rb": [
        1,
        null,
        1
      ],
      "/Users/ericdowty/Rails/module-3/turing-toilets/turing-bathrooms/config/environments/test.rb": [
        1,
        null,
        null,
        null,
        null,
        null,
        null,
        1,
        null,
        null,
        null,
        null,
        1,
        null,
        null,
        1,
        1,
        null,
        null,
        1,
        1,
        null,
        null,
        1,
        null,
        null,
        1,
        null,
        null,
        null,
        null,
        1,
        null,
        null,
        1,
        null,
        null,
        1,
        null,
        null,
        null,
        null
      ],
      "/Users/ericdowty/Rails/module-3/turing-toilets/turing-bathrooms/config/initializers/assets.rb": [
        null,
        null,
        null,
        1,
        null,
        null,
        null,
        null,
        null,
        null,
        null
      ],
      "/Users/ericdowty/Rails/module-3/turing-toilets/turing-bathrooms/config/initializers/backtrace_silencers.rb": [
        null,
        null,
        null,
        null,
        null,
        null,
        null
      ],
      "/Users/ericdowty/Rails/module-3/turing-toilets/turing-bathrooms/config/initializers/cookies_serializer.rb": [
        null,
        null,
        1
      ],
      "/Users/ericdowty/Rails/module-3/turing-toilets/turing-bathrooms/config/initializers/filter_parameter_logging.rb": [
        null,
        null,
        null,
        1
      ],
      "/Users/ericdowty/Rails/module-3/turing-toilets/turing-bathrooms/config/initializers/inflections.rb": [
        null,
        null,
        null,
        null,
        null,
        null,
        null,
        null,
        null,
        null,
        null,
        null,
        null,
        null,
        null,
        null
      ],
      "/Users/ericdowty/Rails/module-3/turing-toilets/turing-bathrooms/config/initializers/mime_types.rb": [
        null,
        null,
        null,
        null
      ],
      "/Users/ericdowty/Rails/module-3/turing-toilets/turing-bathrooms/config/initializers/omniauth.rb": [
        1,
        1,
        null
      ],
      "/Users/ericdowty/Rails/module-3/turing-toilets/turing-bathrooms/config/initializers/session_store.rb": [
        null,
        null,
        1
      ],
      "/Users/ericdowty/Rails/module-3/turing-toilets/turing-bathrooms/config/initializers/wrap_parameters.rb": [
        null,
        null,
        null,
        null,
        null,
        null,
        1,
        1,
        null,
        null,
        null,
        null,
        null,
        null
      ],
      "/Users/ericdowty/Rails/module-3/turing-toilets/turing-bathrooms/spec/factories/bathroom.rb": [
        1,
        null,
        1,
        1,
        1,
        null,
        null,
        1,
        1,
        1,
        null,
        null,
        1,
        1,
        1,
        null,
        null,
        null
      ],
      "/Users/ericdowty/Rails/module-3/turing-toilets/turing-bathrooms/app/models/bathroom.rb": [
        1,
        null,
        1,
        1,
        null,
        1,
        3,
        null,
        null,
        null,
        null,
        3,
        null,
        null,
        1,
        1,
        1,
        1,
        1,
        1,
        null,
        null,
        null
      ],
      "/Users/ericdowty/Rails/module-3/turing-toilets/turing-bathrooms/spec/factories/score.rb": [
        1,
        null,
        1,
        1,
        null,
        null,
        null
      ],
      "/Users/ericdowty/Rails/module-3/turing-toilets/turing-bathrooms/spec/factories/trivia.rb": [
        1,
        null,
        1,
        1,
        1,
        null,
        null,
        null
      ],
      "/Users/ericdowty/Rails/module-3/turing-toilets/turing-bathrooms/spec/factories/user.rb": [
        1,
        null,
        1,
        1,
        1,
        1,
        null,
        null,
        null,
        null,
        null,
        null,
        null,
        null,
        null,
        null,
        null
      ],
      "/Users/ericdowty/Rails/module-3/turing-toilets/turing-bathrooms/config/routes.rb": [
        1,
        null,
        1,
        1,
        null,
        1,
        1,
        1,
        1,
        null,
        1,
        1,
        null,
        1,
        1,
        null,
        1,
        1,
        null,
        1,
        null,
        1,
        null,
        null
      ],
      "/Users/ericdowty/Rails/module-3/turing-toilets/turing-bathrooms/app/helpers/application_helper.rb": [
        1,
        null
      ],
      "/Users/ericdowty/Rails/module-3/turing-toilets/turing-bathrooms/spec/support/factory_girl.rb": [
        1,
        1,
        null
      ],
      "/Users/ericdowty/Rails/module-3/turing-toilets/turing-bathrooms/app/controllers/bathrooms_controller.rb": [
        1,
        1,
        1,
        null,
        1,
        null,
        null,
        1,
        0,
        null,
        null,
        1,
        0,
        null,
        null,
        1,
        0,
        0,
        null,
        null,
        null
      ],
      "/Users/ericdowty/Rails/module-3/turing-toilets/turing-bathrooms/app/controllers/application_controller.rb": [
        1,
        null,
        null,
        1,
        1,
        null,
        1,
        1,
        null,
        null,
        1,
        1,
        null,
        null,
        1,
        null,
        1,
        1,
        0,
        null,
        1,
        null,
        null,
        null,
        null
      ],
      "/Users/ericdowty/Rails/module-3/turing-toilets/turing-bathrooms/spec/controllers/scores_controller_spec.rb": [
        1,
        1,
        null,
        1,
        null,
        4,
        4,
        null,
        1,
        3,
        null,
        null,
        1,
        1,
        1,
        1,
        1,
        null,
        null,
        null,
        1,
        1,
        1,
        null,
        1,
        null,
        null,
        1,
        1,
        1,
        1,
        null,
        1,
        null,
        null,
        null
      ],
      "/Users/ericdowty/Rails/module-3/turing-toilets/turing-bathrooms/app/controllers/scores_controller.rb": [
        1,
        1,
        null,
        1,
        2,
        null,
        null,
        1,
        1,
        null,
        null,
        null
      ],
      "/Users/ericdowty/Rails/module-3/turing-toilets/turing-bathrooms/spec/controllers/sessions_controller_spec.rb": [
        1,
        null,
        1,
        null,
        2,
        null,
        1,
        1,
        1,
        1,
        null,
        null,
        null,
        null
      ],
      "/Users/ericdowty/Rails/module-3/turing-toilets/turing-bathrooms/app/controllers/sessions_controller.rb": [
        1,
        null,
        1,
        0,
        0,
        0,
        0,
        null,
        0,
        null,
        null,
        null,
        1,
        1,
        1,
        null,
        null,
        1,
        null,
        1,
        0,
        null,
        null,
        null
      ],
      "/Users/ericdowty/Rails/module-3/turing-toilets/turing-bathrooms/spec/features/user_logout_spec.rb": [

      ],
      "/Users/ericdowty/Rails/module-3/turing-toilets/turing-bathrooms/spec/features/user_main_page_view_spec.rb": [
        1,
        null,
        1,
        null,
        1,
        null,
        null,
        null,
        null,
        null,
        null,
        null,
        null,
        null
      ],
      "/Users/ericdowty/Rails/module-3/turing-toilets/turing-bathrooms/spec/models/bathroom_spec.rb": [
        1,
        1,
        null,
        1,
        null,
        1,
        5,
        5,
        5,
        null,
        null,
        1,
        1,
        1,
        null,
        null,
        1,
        1,
        1,
        null,
        null,
        1,
        1,
        1,
        null,
        null,
        1,
        1,
        null,
        null,
        1,
        1,
        1,
        1,
        1,
        null,
        null,
        null
      ],
      "/Users/ericdowty/Rails/module-3/turing-toilets/turing-bathrooms/spec/models/guest_spec.rb": [
        1,
        null,
        1,
        null,
        2,
        null,
        1,
        1,
        null,
        null,
        null
      ],
      "/Users/ericdowty/Rails/module-3/turing-toilets/turing-bathrooms/app/models/guest.rb": [
        1,
        null,
        1,
        2,
        null,
        null,
        null
      ],
      "/Users/ericdowty/Rails/module-3/turing-toilets/turing-bathrooms/spec/models/score_spec.rb": [
        1,
        null,
        1,
        null,
        6,
        5,
        null,
        1,
        1,
        null,
        null,
        1,
        1,
        null,
        null,
        1,
        1,
        1,
        null,
        null,
        1,
        1,
        1,
        null,
        null,
        1,
        1,
        1,
        1,
        1,
        1,
        1,
        null,
        null,
        null
      ],
      "/Users/ericdowty/Rails/module-3/turing-toilets/turing-bathrooms/app/models/score.rb": [
        1,
        null,
        1,
        1,
        null,
        1,
        10,
        null,
        null,
        1,
        1,
        1,
        null,
        null,
        1,
        1,
        1,
        null,
        null,
        null,
        null
      ],
      "/Users/ericdowty/Rails/module-3/turing-toilets/turing-bathrooms/spec/models/trivia_spec.rb": [
        1,
        null,
        1,
        null,
        10,
        6,
        9,
        null,
        1,
        1,
        1,
        null,
        null,
        1,
        1,
        1,
        null,
        null,
        1,
        1,
        1,
        1,
        1,
        null,
        null,
        1,
        1,
        1,
        1,
        null,
        null,
        1,
        1,
        1,
        1,
        1,
        1,
        1,
        1,
        1,
        1,
        null,
        null,
        1,
        1,
        1,
        1,
        1,
        1,
        1,
        1,
        1,
        1,
        1,
        null,
        null,
        1,
        1,
        1,
        1,
        1,
        null,
        null,
        1,
        1,
        1,
        1,
        1,
        null,
        null,
        1,
        1,
        1,
        1,
        1,
        null,
        null,
        null
      ],
      "/Users/ericdowty/Rails/module-3/turing-toilets/turing-bathrooms/app/models/trivia.rb": [
        1,
        1,
        null,
        1,
        2,
        2,
        1,
        null,
        1,
        null,
        null,
        null,
        1,
        10,
        10,
        10,
        10,
        10,
        10,
        10,
        10,
        null,
        null,
        1,
        null,
        1,
        10,
        10,
        null,
        null,
        1,
        20,
        47,
        null,
        20,
        null,
        null,
        1,
        20,
        247,
        null,
        20,
        null,
        null,
        1,
        47,
        null,
        null,
        null,
        null,
        null,
        1,
        247,
        null,
        null,
        null
      ],
      "/Users/ericdowty/Rails/module-3/turing-toilets/turing-bathrooms/spec/models/user_spec.rb": [
        1,
        null,
        1,
        null,
        5,
        5,
        5,
        null,
        1,
        1,
        null,
        null,
        1,
        1,
        null,
        null,
        1,
        1,
        1,
        null,
        null,
        1,
        1,
        1,
        1,
        1,
        null,
        null,
        null
      ],
      "/Users/ericdowty/Rails/module-3/turing-toilets/turing-bathrooms/app/models/user.rb": [
        1,
        null,
        1,
        1,
        1,
        null,
        1,
        0,
        null,
        0,
        null,
        0,
        0,
        0,
        0,
        0,
        null,
        0,
        null,
        null,
        1,
        1,
        null,
        null,
        1,
        23,
        null,
        null,
        1,
        3,
        3,
        null,
        null,
        1,
        null,
        null,
        0,
        null,
        null,
        1,
        0,
        0,
        0,
        null,
        null,
        null
      ],
      "/Users/ericdowty/Rails/module-3/turing-toilets/turing-bathrooms/spec/services/trivia_service_spec.rb": [
        1,
        null,
        1,
        null,
        2,
        2,
        null,
        1,
        null,
        1,
        3,
        null,
        null,
        1,
        1,
        1,
        1,
        null,
        null,
        null,
        1,
        1,
        1,
        1,
        1,
        1,
        null,
        null,
        null,
        1,
        1,
        1,
        1,
        1,
        1,
        1,
        1,
        null,
        null,
        null,
        1,
        0,
        0,
        0,
        null,
        null,
        null,
        1,
        0,
        0,
        0,
        0,
        0,
        0,
        0,
        0,
        0,
        0,
        0,
        null,
        null,
        null,
        null
      ],
      "/Users/ericdowty/Rails/module-3/turing-toilets/turing-bathrooms/app/services/trivia_service.rb": [
        1,
        null,
        1,
        null,
        1,
        3,
        null,
        null,
        1,
        3,
        3,
        3,
        3,
        null,
        0,
        null,
        null,
        null,
        1,
        null,
        1,
        3,
        null,
        null,
        1,
        3,
        null,
        null,
        1,
        3,
        3,
        3,
        3,
        3,
        null,
        null,
        1,
        3,
        3,
        3,
        3,
        3,
        null,
        null,
        1,
        3,
        null,
        null,
        1,
        54,
        null,
        null,
        1,
        51,
        null,
        null,
        1,
        300,
        null,
        null,
        1,
        297,
        null,
        null,
        null
      ]
    },
    "timestamp": 1435185634
  }
}
